<?xml version="1.0" encoding="UTF-8" ?>
<testsuite tests="2" failures="0" name="test.TestRunner" time="0.703" errors="1" skipped="1">
  <properties>
[...]
</properties>
  <testcase classname="Prod Check" name="main page check" time="0.688">
    <error message="com.google.common.util.concurrent.SimpleTimeLimiter.create(Ljava/util/concurrent/ExecutorService;)Lcom/google/common/util/concurrent/SimpleTimeLimiter;" type="java.lang.NoSuchMethodError">java.lang.NoSuchMethodError: com.google.common.util.concurrent.SimpleTimeLimiter.create(Ljava/util/concurrent/ExecutorService;)Lcom/google/common/util/concurrent/SimpleTimeLimiter;
	at org.openqa.selenium.net.UrlChecker.&lt;init&gt;(UrlChecker.java:62)
	at org.openqa.selenium.remote.service.DriverService.waitUntilAvailable(DriverService.java:197)
	at org.openqa.selenium.remote.service.DriverService.start(DriverService.java:188)
	at org.openqa.selenium.remote.service.DriverCommandExecutor.execute(DriverCommandExecutor.java:79)
	at org.openqa.selenium.remote.RemoteWebDriver.execute(RemoteWebDriver.java:552)
	at org.openqa.selenium.remote.RemoteWebDriver.startSession(RemoteWebDriver.java:213)
	at org.openqa.selenium.remote.RemoteWebDriver.&lt;init&gt;(RemoteWebDriver.java:131)
	at org.openqa.selenium.chrome.ChromeDriver.&lt;init&gt;(ChromeDriver.java:181)
	at org.openqa.selenium.chrome.ChromeDriver.&lt;init&gt;(ChromeDriver.java:168)
	at org.openqa.selenium.chrome.ChromeDriver.&lt;init&gt;(ChromeDriver.java:157)
	at com.codeborne.selenide.webdriver.ChromeDriverFactory.create(ChromeDriverFactory.java:25)
	at com.codeborne.selenide.webdriver.WebDriverFactory.lambda$createWebDriver$1(WebDriverFactory.java:55)
	at java.base/java.util.Optional.map(Optional.java:265)
	at com.codeborne.selenide.webdriver.WebDriverFactory.createWebDriver(WebDriverFactory.java:55)
	at com.codeborne.selenide.drivercommands.CreateDriverCommand.createDriver(CreateDriverCommand.java:38)
	at com.codeborne.selenide.drivercommands.LazyDriver.createDriver(LazyDriver.java:93)
	at com.codeborne.selenide.drivercommands.LazyDriver.getAndCheckWebDriver(LazyDriver.java:87)
	at com.codeborne.selenide.SelenideDriver.getAndCheckWebDriver(SelenideDriver.java:147)
	at com.codeborne.selenide.drivercommands.Navigator.navigateTo(Navigator.java:65)
	at com.codeborne.selenide.drivercommands.Navigator.open(Navigator.java:28)
	at com.codeborne.selenide.SelenideDriver.open(SelenideDriver.java:63)
	at com.codeborne.selenide.Selenide.open(Selenide.java:40)
	at test.MyStepdefs.openMainPage(MyStepdefs.java:19)
	at ✽.open main page(file:src/features/OpenProd.feature:5)
</error>
    <system-out>Feature: Prod Check

  Scenario: main page check     &amp;#27;[90m# src/features/OpenProd.feature:4&amp;#27;[0m
    &amp;#27;[31mGiven &amp;#27;[0m&amp;#27;[31mopen main page&amp;#27;[0m        &amp;#27;[90m# MyStepdefs.openMainPage()&amp;#27;[0m
      &amp;#27;[31mjava.lang.NoSuchMethodError: com.google.common.util.concurrent.SimpleTimeLimiter.create(Ljava/util/concurrent/ExecutorService;)Lcom/google/common/util/concurrent/SimpleTimeLimiter;
	at org.openqa.selenium.net.UrlChecker.&lt;init&gt;(UrlChecker.java:62)
	at org.openqa.selenium.remote.service.DriverService.waitUntilAvailable(DriverService.java:197)
	at org.openqa.selenium.remote.service.DriverService.start(DriverService.java:188)
	at org.openqa.selenium.remote.service.DriverCommandExecutor.execute(DriverCommandExecutor.java:79)
	at org.openqa.selenium.remote.RemoteWebDriver.execute(RemoteWebDriver.java:552)
	at org.openqa.selenium.remote.RemoteWebDriver.startSession(RemoteWebDriver.java:213)
	at org.openqa.selenium.remote.RemoteWebDriver.&lt;init&gt;(RemoteWebDriver.java:131)
	at org.openqa.selenium.chrome.ChromeDriver.&lt;init&gt;(ChromeDriver.java:181)
	at org.openqa.selenium.chrome.ChromeDriver.&lt;init&gt;(ChromeDriver.java:168)
	at org.openqa.selenium.chrome.ChromeDriver.&lt;init&gt;(ChromeDriver.java:157)
	at com.codeborne.selenide.webdriver.ChromeDriverFactory.create(ChromeDriverFactory.java:25)
	at com.codeborne.selenide.webdriver.WebDriverFactory.lambda$createWebDriver$1(WebDriverFactory.java:55)
	at java.base/java.util.Optional.map(Optional.java:265)
	at com.codeborne.selenide.webdriver.WebDriverFactory.createWebDriver(WebDriverFactory.java:55)
	at com.codeborne.selenide.drivercommands.CreateDriverCommand.createDriver(CreateDriverCommand.java:38)
	at com.codeborne.selenide.drivercommands.LazyDriver.createDriver(LazyDriver.java:93)
	at com.codeborne.selenide.drivercommands.LazyDriver.getAndCheckWebDriver(LazyDriver.java:87)
	at com.codeborne.selenide.SelenideDriver.getAndCheckWebDriver(SelenideDriver.java:147)
	at com.codeborne.selenide.drivercommands.Navigator.navigateTo(Navigator.java:65)
	at com.codeborne.selenide.drivercommands.Navigator.open(Navigator.java:28)
	at com.codeborne.selenide.SelenideDriver.open(SelenideDriver.java:63)
	at com.codeborne.selenide.Selenide.open(Selenide.java:40)
	at test.MyStepdefs.openMainPage(MyStepdefs.java:19)
	at ?.open main page(file:src/features/OpenProd.feature:5)
&amp;#27;[0m
    &amp;#27;[36mThen &amp;#27;[0m&amp;#27;[36mcheck page title&amp;#27;[0m       &amp;#27;[90m# MyStepdefs.checkPageTitle()&amp;#27;[0m
    &amp;#27;[36mAnd &amp;#27;[0m&amp;#27;[36mtitle is not 500 or 400&amp;#27;[0m &amp;#27;[90m# MyStepdefs.titleIsNot500or400()&amp;#27;[0m
</system-out>
    <system-err>окт. 03, 2019 4:14:24 PM com.codeborne.selenide.drivercommands.LazyDriver getAndCheckWebDriver
INFO: No webdriver is bound to current thread: 1 - let&apos;s create a new webdriver
SLF4J: Failed to load class &quot;org.slf4j.impl.StaticLoggerBinder&quot;.
SLF4J: Defaulting to no-operation (NOP) logger implementation
SLF4J: See http://www.slf4j.org/codes.html#StaticLoggerBinder for further details.
</system-err>
  </testcase>
  <testcase classname="Prod Check" name="check google" time="0.015">
    <skipped/>
    <system-out>
  Scenario: check google              &amp;#27;[90m# src/features/OpenProd.feature:9&amp;#27;[0m
    &amp;#27;[33mGiven &amp;#27;[0m&amp;#27;[33mwe have google.com opened&amp;#27;[0m   &amp;#27;[90m# MyStepdefs.we_have_google_com_opened()&amp;#27;[0m
      &amp;#27;[33mcucumber.api.PendingException: TODO: implement me
	at test.MyStepdefs.we_have_google_com_opened(MyStepdefs.java:41)
	at ?.we have google.com opened(file:src/features/OpenProd.feature:10)
&amp;#27;[0m
    &amp;#27;[36mWhen &amp;#27;[0m&amp;#27;[36mtry search for cucumber&amp;#27;[0m      &amp;#27;[90m# MyStepdefs.try_search_for_cucumber()&amp;#27;[0m
    &amp;#27;[36mThen &amp;#27;[0m&amp;#27;[36mwe get page title &amp;#27;[0m&amp;#27;[36m&amp;#27;[1m&quot;cucumber&quot;&amp;#27;[0m &amp;#27;[90m# MyStepdefs.we_get_page_title(String)&amp;#27;[0m
</system-out>
  </testcase>
</testsuite>